<?xml version="1.0" encoding="UTF-8"?>
<testng-results ignored="0" total="1" passed="1" failed="0" skipped="0">
  <reporter-output>
  </reporter-output>
  <suite started-at="2025-03-12T18:36:00 IST" name="Suite" finished-at="2025-03-12T18:36:12 IST" duration-ms="12170">
    <groups>
    </groups>
    <test started-at="2025-03-12T18:36:00 IST" name="Test" finished-at="2025-03-12T18:36:12 IST" duration-ms="12170">
      <class name="test.BaseClass">
        <test-method is-config="true" signature="setup()[pri:0, instance:test.BaseClass@79e2c065]" started-at="2025-03-12T18:36:00 IST" name="setup" finished-at="2025-03-12T18:36:12 IST" duration-ms="12092" status="PASS">
          <reporter-output>
          </reporter-output>
        </test-method> <!-- setup -->
        <test-method signature="b()[pri:0, instance:test.BaseClass@79e2c065]" started-at="2025-03-12T18:36:12 IST" name="b" finished-at="2025-03-12T18:36:12 IST" duration-ms="15" status="PASS">
          <reporter-output>
          </reporter-output>
        </test-method> <!-- b -->
      </class> <!-- test.BaseClass -->
    </test> <!-- Test -->
  </suite> <!-- Suite -->
</testng-results>
